<?xml version="1.0" encoding="UTF-8"?>
<robot generator="Robot 3.1.2 (Python 3.7.3 on win32)" generated="20200417 11:39:13.233" rpa="false">
<suite id="s1" name="DemoRobotFramework01" source="D:\HAI\Download\generalrobotframework-master\generalrobotframework-master\DemoRobotFramework01">
<suite id="s1-s1" name="Testsuites" source="D:\HAI\Download\generalrobotframework-master\generalrobotframework-master\DemoRobotFramework01\testsuites">
<suite id="s1-s1-s1" name="Testsuits Web" source="D:\HAI\Download\generalrobotframework-master\generalrobotframework-master\DemoRobotFramework01\testsuites\testsuits_web">
<suite id="s1-s1-s1-s1" name="Dash Board Page" source="D:\HAI\Download\generalrobotframework-master\generalrobotframework-master\DemoRobotFramework01\testsuites\testsuits_web\dash_board_page">
<suite id="s1-s1-s1-s1-s1" name="Dash Board Testsuite Testbed" source="D:\HAI\Download\generalrobotframework-master\generalrobotframework-master\DemoRobotFramework01\testsuites\testsuits_web\dash_board_page\dash_board_testsuite_testbed.robot">
<test id="s1-s1-s1-s1-s1-t1" name="ADA012 create new project with existed name - Login and create new project- WIN1">
<kw name="Log To Console" library="BuiltIn">
<doc>Logs the given message to the console.</doc>
<arguments>
<arg>Hello</arg>
</arguments>
<status status="PASS" starttime="20200417 11:39:13.785" endtime="20200417 11:39:13.786"></status>
</kw>
<kw name="Open Browser" library="browser_01">
<doc>Launch web browser with ATDA server info</doc>
<arguments>
<arg>http://11.11.7.10/login</arg>
</arguments>
<msg timestamp="20200417 11:39:13.786" level="INFO">Creating driver for non Web app: ANY</msg>
<status status="PASS" starttime="20200417 11:39:13.786" endtime="20200417 11:39:17.080"></status>
</kw>
<kw name="Input Username Password Login Page" library="browser_01">
<doc>input username and password in login page</doc>
<arguments>
<arg>hai</arg>
<arg>hai</arg>
</arguments>
<msg timestamp="20200417 11:39:17.188" level="INFO">input username in login page successfully</msg>
<msg timestamp="20200417 11:39:17.292" level="INFO">input password successfully</msg>
<status status="PASS" starttime="20200417 11:39:17.080" endtime="20200417 11:39:17.292"></status>
</kw>
<kw name="Click Login Button" library="browser_01">
<doc>click login button</doc>
<msg timestamp="20200417 11:39:17.293" level="INFO">start function navigate to create account page</msg>
<msg timestamp="20200417 11:39:17.372" level="INFO">click login button successfully</msg>
<status status="PASS" starttime="20200417 11:39:17.293" endtime="20200417 11:39:17.372"></status>
</kw>
<kw name="Nav To Dash Board Page" library="browser_01">
<doc>navigate to dash board page</doc>
<arguments>
<arg>5</arg>
</arguments>
<msg timestamp="20200417 11:39:17.372" level="INFO">start function navigate to create account page</msg>
<msg timestamp="20200417 11:39:18.438" level="INFO">Loading avatar page successfully
navigate to dash board page successfull</msg>
<status status="PASS" starttime="20200417 11:39:17.372" endtime="20200417 11:39:18.439"></status>
</kw>
<kw name="Click New Project Button Dash Board Page" library="browser_01">
<doc>click new project button in dash board page</doc>
<msg timestamp="20200417 11:39:18.440" level="INFO">start function click new button in dash board page</msg>
<msg timestamp="20200417 11:39:18.608" level="INFO">click new project button successfully</msg>
<status status="PASS" starttime="20200417 11:39:18.439" endtime="20200417 11:39:18.608"></status>
</kw>
<kw name="Click Create Project Button Dash Board Page" library="browser_01">
<doc>click create project button in dash board page</doc>
<msg timestamp="20200417 11:39:18.609" level="INFO">start function click create button in dash board page</msg>
<msg timestamp="20200417 11:39:18.690" level="INFO">click create project button successfully</msg>
<status status="PASS" starttime="20200417 11:39:18.608" endtime="20200417 11:39:18.690"></status>
</kw>
<kw name="Input Project Name Dash Board Page" library="browser_01">
<doc>input project name in dash board page</doc>
<arguments>
<arg>hai</arg>
</arguments>
<msg timestamp="20200417 11:39:18.691" level="INFO">start function input project name in dash board page</msg>
<msg timestamp="20200417 11:39:18.787" level="INFO">input project name successfully</msg>
<status status="PASS" starttime="20200417 11:39:18.690" endtime="20200417 11:39:18.787"></status>
</kw>
<kw name="Input Project Description Dash Board Page" library="browser_01">
<doc>input project description in dash board page</doc>
<arguments>
<arg>hai</arg>
</arguments>
<msg timestamp="20200417 11:39:18.788" level="INFO">start function input project description in dash board page</msg>
<msg timestamp="20200417 11:39:18.876" level="INFO">input project description successfully</msg>
<status status="PASS" starttime="20200417 11:39:18.787" endtime="20200417 11:39:18.876"></status>
</kw>
<kw name="Click Create Project Button Dash Board Page" library="browser_01">
<doc>click create project button in dash board page</doc>
<msg timestamp="20200417 11:39:18.877" level="INFO">start function click create button in dash board page</msg>
<msg timestamp="20200417 11:39:18.954" level="INFO">click create project button successfully</msg>
<status status="PASS" starttime="20200417 11:39:18.876" endtime="20200417 11:39:18.954"></status>
</kw>
<kw name="Is Project Name Exist" library="browser_01">
<msg timestamp="20200417 11:39:20.016" level="INFO">Project name is OK
project name has value: hai
your project name already exist!</msg>
<status status="PASS" starttime="20200417 11:39:18.955" endtime="20200417 11:39:20.016"></status>
</kw>
<kw name="Close Browser" library="browser_01">
<doc>Close web browser</doc>
<msg timestamp="20200417 11:39:20.016" level="INFO">Start function close_browser</msg>
<msg timestamp="20200417 11:39:20.072" level="INFO">close_browser successfully</msg>
<status status="PASS" starttime="20200417 11:39:20.016" endtime="20200417 11:39:20.074"></status>
</kw>
<status status="PASS" starttime="20200417 11:39:13.784" endtime="20200417 11:39:20.074" critical="yes"></status>
</test>
<status status="PASS" starttime="20200417 11:39:13.293" endtime="20200417 11:39:20.075"></status>
</suite>
<status status="PASS" starttime="20200417 11:39:13.291" endtime="20200417 11:39:20.077"></status>
</suite>
<status status="PASS" starttime="20200417 11:39:13.289" endtime="20200417 11:39:20.078"></status>
</suite>
<status status="PASS" starttime="20200417 11:39:13.287" endtime="20200417 11:39:20.082"></status>
</suite>
<status status="PASS" starttime="20200417 11:39:13.266" endtime="20200417 11:39:20.085"></status>
</suite>
<statistics>
<total>
<stat pass="1" fail="0">Critical Tests</stat>
<stat pass="1" fail="0">All Tests</stat>
</total>
<tag>
</tag>
<suite>
<stat pass="1" fail="0" id="s1" name="DemoRobotFramework01">DemoRobotFramework01</stat>
<stat pass="1" fail="0" id="s1-s1" name="Testsuites">DemoRobotFramework01.Testsuites</stat>
<stat pass="1" fail="0" id="s1-s1-s1" name="Testsuits Web">DemoRobotFramework01.Testsuites.Testsuits Web</stat>
<stat pass="1" fail="0" id="s1-s1-s1-s1" name="Dash Board Page">DemoRobotFramework01.Testsuites.Testsuits Web.Dash Board Page</stat>
<stat pass="1" fail="0" id="s1-s1-s1-s1-s1" name="Dash Board Testsuite Testbed">DemoRobotFramework01.Testsuites.Testsuits Web.Dash Board Page.Dash Board Testsuite Testbed</stat>
</suite>
</statistics>
<errors>
</errors>
</robot>
